# JRE version: Java(TM) SE Runtime Environment (17.0.1+12) (build 17.0.1+12-LTS-39)
# Java VM: Java HotSpot(TM) 64-Bit Server VM (17.0.1+12-LTS-39, mixed mode, emulated-client, tiered, compressed oops, compressed class ptrs, g1 gc, windows-amd64)
GC Precious Log:
 CPUs: 12 total, 12 available
 Memory: 15741M
 Large Page Support: Disabled
 NUMA Support: Disabled
 Compressed Oops: Enabled (Zero based)
 Heap Region Size: 2M
 Heap Min Capacity: 8M
 Heap Initial Capacity: 246M
 Heap Max Capacity: 3936M
 Pre-touch: Disabled
 Parallel Workers: 10
 Concurrent Workers: 3
 Concurrent Refinement Workers: 10
 Periodic GC: Disabled
Heap:
 garbage-first heap   total 296960K, used 128942K [0x000000070a000000, 0x0000000800000000)
  region size 2048K, 1 young (2048K), 1 survivors (2048K)
 Metaspace       used 87095K, committed 87680K, reserved 1130496K
  class space    used 10995K, committed 11328K, reserved 1048576K
GC Heap History (20 events):
Event: 16.279 GC heap after
{Heap after GC invocations=34 (full 0):
 garbage-first heap   total 227328K, used 72264K [0x000000070a000000, 0x0000000800000000)
  region size 2048K, 4 young (8192K), 4 survivors (8192K)
 Metaspace       used 85679K, committed 86208K, reserved 1130496K
  class space    used 10824K, committed 11072K, reserved 1048576K
}
Event: 16.933 GC heap before
{Heap before GC invocations=34 (full 0):
 garbage-first heap   total 227328K, used 193096K [0x000000070a000000, 0x0000000800000000)
  region size 2048K, 62 young (126976K), 4 survivors (8192K)
 Metaspace       used 87000K, committed 87552K, reserved 1130496K
  class space    used 10980K, committed 11264K, reserved 1048576K
}
Event: 16.943 GC heap after
{Heap after GC invocations=35 (full 0):
 garbage-first heap   total 227328K, used 89373K [0x000000070a000000, 0x0000000800000000)
  region size 2048K, 8 young (16384K), 8 survivors (16384K)
 Metaspace       used 87000K, committed 87552K, reserved 1130496K
  class space    used 10980K, committed 11264K, reserved 1048576K
}
Event: 17.291 GC heap before
{Heap before GC invocations=35 (full 0):
 garbage-first heap   total 227328K, used 179485K [0x000000070a000000, 0x0000000800000000)
  region size 2048K, 51 young (104448K), 8 survivors (16384K)
 Metaspace       used 87086K, committed 87680K, reserved 1130496K
  class space    used 10993K, committed 11328K, reserved 1048576K
}
Event: 17.304 GC heap after
{Heap after GC invocations=36 (full 0):
 garbage-first heap   total 227328K, used 110268K [0x000000070a000000, 0x0000000800000000)
  region size 2048K, 7 young (14336K), 7 survivors (14336K)
 Metaspace       used 87086K, committed 87680K, reserved 1130496K
  class space    used 10993K, committed 11328K, reserved 1048576K
}
Event: 17.674 GC heap before
{Heap before GC invocations=36 (full 0):
 garbage-first heap   total 227328K, used 179900K [0x000000070a000000, 0x0000000800000000)
  region size 2048K, 40 young (81920K), 7 survivors (14336K)
 Metaspace       used 87086K, committed 87680K, reserved 1130496K
  class space    used 10993K, committed 11328K, reserved 1048576K
}
Event: 17.681 GC heap after
{Heap after GC invocations=37 (full 0):
 garbage-first heap   total 227328K, used 123631K [0x000000070a000000, 0x0000000800000000)
  region size 2048K, 5 young (10240K), 5 survivors (10240K)
 Metaspace       used 87086K, committed 87680K, reserved 1130496K
  class space    used 10993K, committed 11328K, reserved 1048576K
}
Event: 17.775 GC heap before
{Heap before GC invocations=37 (full 0):
 garbage-first heap   total 227328K, used 176879K [0x000000070a000000, 0x0000000800000000)
  region size 2048K, 32 young (65536K), 5 survivors (10240K)
 Metaspace       used 87086K, committed 87680K, reserved 1130496K
  class space    used 10993K, committed 11328K, reserved 1048576K
}
Event: 17.782 GC heap after
{Heap after GC invocations=38 (full 0):
 garbage-first heap   total 274432K, used 130990K [0x000000070a000000, 0x0000000800000000)
  region size 2048K, 4 young (8192K), 4 survivors (8192K)
 Metaspace       used 87086K, committed 87680K, reserved 1130496K
  class space    used 10993K, committed 11328K, reserved 1048576K
}
Event: 18.163 GC heap before
{Heap before GC invocations=39 (full 0):
 garbage-first heap   total 274432K, used 206766K [0x000000070a000000, 0x0000000800000000)
  region size 2048K, 42 young (86016K), 4 survivors (8192K)
 Metaspace       used 87095K, committed 87680K, reserved 1130496K
  class space    used 10995K, committed 11328K, reserved 1048576K
}
Event: 18.174 GC heap after
{Heap after GC invocations=40 (full 0):
 garbage-first heap   total 274432K, used 148074K [0x000000070a000000, 0x0000000800000000)
  region size 2048K, 6 young (12288K), 6 survivors (12288K)
 Metaspace       used 87095K, committed 87680K, reserved 1130496K
  class space    used 10995K, committed 11328K, reserved 1048576K
}
Event: 18.177 GC heap before
{Heap before GC invocations=40 (full 0):
 garbage-first heap   total 274432K, used 150122K [0x000000070a000000, 0x0000000800000000)
  region size 2048K, 7 young (14336K), 6 survivors (12288K)
 Metaspace       used 87095K, committed 87680K, reserved 1130496K
  class space    used 10995K, committed 11328K, reserved 1048576K
}
Event: 18.183 GC heap after
{Heap after GC invocations=41 (full 0):
 garbage-first heap   total 274432K, used 132625K [0x000000070a000000, 0x0000000800000000)
  region size 2048K, 1 young (2048K), 1 survivors (2048K)
 Metaspace       used 87095K, committed 87680K, reserved 1130496K
  class space    used 10995K, committed 11328K, reserved 1048576K
}
Event: 18.560 GC heap before
{Heap before GC invocations=41 (full 0):
 garbage-first heap   total 274432K, used 202257K [0x000000070a000000, 0x0000000800000000)
  region size 2048K, 36 young (73728K), 1 survivors (2048K)
 Metaspace       used 87095K, committed 87680K, reserved 1130496K
  class space    used 10995K, committed 11328K, reserved 1048576K
}
Event: 18.568 GC heap after
{Heap after GC invocations=42 (full 0):
 garbage-first heap   total 274432K, used 150365K [0x000000070a000000, 0x0000000800000000)
  region size 2048K, 5 young (10240K), 5 survivors (10240K)
 Metaspace       used 87095K, committed 87680K, reserved 1130496K
  class space    used 10995K, committed 11328K, reserved 1048576K
}
Event: 18.703 GC heap before
{Heap before GC invocations=43 (full 0):
 garbage-first heap   total 296960K, used 199517K [0x000000070a000000, 0x0000000800000000)
  region size 2048K, 33 young (67584K), 5 survivors (10240K)
 Metaspace       used 87095K, committed 87680K, reserved 1130496K
  class space    used 10995K, committed 11328K, reserved 1048576K
}
Event: 18.711 GC heap after
{Heap after GC invocations=44 (full 0):
 garbage-first heap   total 296960K, used 153282K [0x000000070a000000, 0x0000000800000000)
  region size 2048K, 5 young (10240K), 5 survivors (10240K)
 Metaspace       used 87095K, committed 87680K, reserved 1130496K
  class space    used 10995K, committed 11328K, reserved 1048576K
}
Event: 18.721 GC heap before
{Heap before GC invocations=44 (full 0):
 garbage-first heap   total 296960K, used 157378K [0x000000070a000000, 0x0000000800000000)
  region size 2048K, 7 young (14336K), 5 survivors (10240K)
 Metaspace       used 87095K, committed 87680K, reserved 1130496K
  class space    used 10995K, committed 11328K, reserved 1048576K
}
Event: 18.727 GC heap after
{Heap after GC invocations=45 (full 0):
 garbage-first heap   total 296960K, used 129397K [0x000000070a000000, 0x0000000800000000)
  region size 2048K, 1 young (2048K), 1 survivors (2048K)
 Metaspace       used 87095K, committed 87680K, reserved 1130496K
  class space    used 10995K, committed 11328K, reserved 1048576K
}
Event: 18.796 GC heap before
{Heap before GC invocations=45 (full 0):
 garbage-first heap   total 296960K, used 141685K [0x000000070a000000, 0x0000000800000000)
  region size 2048K, 7 young (14336K), 1 survivors (2048K)
 Metaspace       used 87095K, committed 87680K, reserved 1130496K
  class space    used 10995K, committed 11328K, reserved 1048576K
}

