# JRE version: Java(TM) SE Runtime Environment (17.0.1+12) (build 17.0.1+12-LTS-39)
# Java VM: Java HotSpot(TM) 64-Bit Server VM (17.0.1+12-LTS-39, mixed mode, emulated-client, tiered, compressed oops, compressed class ptrs, g1 gc, windows-amd64)
GC Precious Log:
 CPUs: 12 total, 12 available
 Memory: 15741M
 Large Page Support: Disabled
 NUMA Support: Disabled
 Compressed Oops: Enabled (Zero based)
 Heap Region Size: 2M
 Heap Min Capacity: 8M
 Heap Initial Capacity: 246M
 Heap Max Capacity: 3936M
 Pre-touch: Disabled
 Parallel Workers: 10
 Concurrent Workers: 3
 Concurrent Refinement Workers: 10
 Periodic GC: Disabled
Heap:
 garbage-first heap   total 247808K, used 98279K [0x000000070a000000, 0x0000000800000000)
  region size 2048K, 15 young (30720K), 3 survivors (6144K)
 Metaspace       used 77338K, committed 77888K, reserved 1122304K
  class space    used 9754K, committed 10048K, reserved 1048576K
GC Heap History (20 events):
Event: 11.137 GC heap before
{Heap before GC invocations=25 (full 0):
 garbage-first heap   total 143360K, used 118513K [0x000000070a000000, 0x0000000800000000)
  region size 2048K, 42 young (86016K), 3 survivors (6144K)
 Metaspace       used 67482K, committed 67968K, reserved 1114112K
  class space    used 8532K, committed 8768K, reserved 1048576K
}
Event: 11.141 GC heap after
{Heap after GC invocations=26 (full 0):
 garbage-first heap   total 143360K, used 40723K [0x000000070a000000, 0x0000000800000000)
  region size 2048K, 4 young (8192K), 4 survivors (8192K)
 Metaspace       used 67482K, committed 67968K, reserved 1114112K
  class space    used 8532K, committed 8768K, reserved 1048576K
}
Event: 11.743 GC heap before
{Heap before GC invocations=26 (full 0):
 garbage-first heap   total 143360K, used 114451K [0x000000070a000000, 0x0000000800000000)
  region size 2048K, 41 young (83968K), 4 survivors (8192K)
 Metaspace       used 69581K, committed 70080K, reserved 1114112K
  class space    used 8800K, committed 9024K, reserved 1048576K
}
Event: 11.750 GC heap after
{Heap after GC invocations=27 (full 0):
 garbage-first heap   total 143360K, used 47715K [0x000000070a000000, 0x0000000800000000)
  region size 2048K, 6 young (12288K), 6 survivors (12288K)
 Metaspace       used 69581K, committed 70080K, reserved 1114112K
  class space    used 8800K, committed 9024K, reserved 1048576K
}
Event: 12.093 GC heap before
{Heap before GC invocations=27 (full 0):
 garbage-first heap   total 143360K, used 111203K [0x000000070a000000, 0x0000000800000000)
  region size 2048K, 38 young (77824K), 6 survivors (12288K)
 Metaspace       used 69678K, committed 70208K, reserved 1114112K
  class space    used 8814K, committed 9088K, reserved 1048576K
}
Event: 12.104 GC heap after
{Heap after GC invocations=28 (full 0):
 garbage-first heap   total 143360K, used 60784K [0x000000070a000000, 0x0000000800000000)
  region size 2048K, 5 young (10240K), 5 survivors (10240K)
 Metaspace       used 69678K, committed 70208K, reserved 1114112K
  class space    used 8814K, committed 9088K, reserved 1048576K
}
Event: 12.399 GC heap before
{Heap before GC invocations=28 (full 0):
 garbage-first heap   total 143360K, used 107888K [0x000000070a000000, 0x0000000800000000)
  region size 2048K, 28 young (57344K), 5 survivors (10240K)
 Metaspace       used 69678K, committed 70208K, reserved 1114112K
  class space    used 8814K, committed 9088K, reserved 1048576K
}
Event: 12.402 GC heap after
{Heap after GC invocations=29 (full 0):
 garbage-first heap   total 143360K, used 58923K [0x000000070a000000, 0x0000000800000000)
  region size 2048K, 1 young (2048K), 1 survivors (2048K)
 Metaspace       used 69678K, committed 70208K, reserved 1114112K
  class space    used 8814K, committed 9088K, reserved 1048576K
}
Event: 12.536 GC heap before
{Heap before GC invocations=29 (full 0):
 garbage-first heap   total 143360K, used 108075K [0x000000070a000000, 0x0000000800000000)
  region size 2048K, 26 young (53248K), 1 survivors (2048K)
 Metaspace       used 69678K, committed 70208K, reserved 1114112K
  class space    used 8814K, committed 9088K, reserved 1048576K
}
Event: 12.543 GC heap after
{Heap after GC invocations=30 (full 0):
 garbage-first heap   total 143360K, used 71222K [0x000000070a000000, 0x0000000800000000)
  region size 2048K, 4 young (8192K), 4 survivors (8192K)
 Metaspace       used 69678K, committed 70208K, reserved 1114112K
  class space    used 8814K, committed 9088K, reserved 1048576K
}
Event: 12.799 GC heap before
{Heap before GC invocations=30 (full 0):
 garbage-first heap   total 143360K, used 106038K [0x000000070a000000, 0x0000000800000000)
  region size 2048K, 22 young (45056K), 4 survivors (8192K)
 Metaspace       used 69687K, committed 70272K, reserved 1114112K
  class space    used 8816K, committed 9088K, reserved 1048576K
}
Event: 12.805 GC heap after
{Heap after GC invocations=31 (full 0):
 garbage-first heap   total 143360K, used 78371K [0x000000070a000000, 0x0000000800000000)
  region size 2048K, 3 young (6144K), 3 survivors (6144K)
 Metaspace       used 69687K, committed 70272K, reserved 1114112K
  class space    used 8816K, committed 9088K, reserved 1048576K
}
Event: 13.211 GC heap before
{Heap before GC invocations=32 (full 0):
 garbage-first heap   total 157696K, used 102947K [0x000000070a000000, 0x0000000800000000)
  region size 2048K, 18 young (36864K), 3 survivors (6144K)
 Metaspace       used 69687K, committed 70272K, reserved 1114112K
  class space    used 8816K, committed 9088K, reserved 1048576K
}
Event: 13.219 GC heap after
{Heap after GC invocations=33 (full 0):
 garbage-first heap   total 157696K, used 83449K [0x000000070a000000, 0x0000000800000000)
  region size 2048K, 3 young (6144K), 3 survivors (6144K)
 Metaspace       used 69687K, committed 70272K, reserved 1114112K
  class space    used 8816K, committed 9088K, reserved 1048576K
}
Event: 13.257 GC heap before
{Heap before GC invocations=33 (full 0):
 garbage-first heap   total 157696K, used 85497K [0x000000070a000000, 0x0000000800000000)
  region size 2048K, 4 young (8192K), 3 survivors (6144K)
 Metaspace       used 69687K, committed 70272K, reserved 1114112K
  class space    used 8816K, committed 9088K, reserved 1048576K
}
Event: 13.260 GC heap after
{Heap after GC invocations=34 (full 0):
 garbage-first heap   total 247808K, used 71246K [0x000000070a000000, 0x0000000800000000)
  region size 2048K, 1 young (2048K), 1 survivors (2048K)
 Metaspace       used 69687K, committed 70272K, reserved 1114112K
  class space    used 8816K, committed 9088K, reserved 1048576K
}
Event: 13.809 GC heap before
{Heap before GC invocations=34 (full 0):
 garbage-first heap   total 247808K, used 163406K [0x000000070a000000, 0x0000000800000000)
  region size 2048K, 46 young (94208K), 1 survivors (2048K)
 Metaspace       used 71875K, committed 72448K, reserved 1114112K
  class space    used 9123K, committed 9408K, reserved 1048576K
}
Event: 13.812 GC heap after
{Heap after GC invocations=35 (full 0):
 garbage-first heap   total 247808K, used 73066K [0x000000070a000000, 0x0000000800000000)
  region size 2048K, 2 young (4096K), 2 survivors (4096K)
 Metaspace       used 71875K, committed 72448K, reserved 1114112K
  class space    used 9123K, committed 9408K, reserved 1048576K
}
Event: 14.415 GC heap before
{Heap before GC invocations=35 (full 0):
 garbage-first heap   total 247808K, used 173418K [0x000000070a000000, 0x0000000800000000)
  region size 2048K, 52 young (106496K), 2 survivors (4096K)
 Metaspace       used 74782K, committed 75392K, reserved 1122304K
  class space    used 9440K, committed 9728K, reserved 1048576K
}
Event: 14.420 GC heap after
{Heap after GC invocations=36 (full 0):
 garbage-first heap   total 247808K, used 75751K [0x000000070a000000, 0x0000000800000000)
  region size 2048K, 3 young (6144K), 3 survivors (6144K)
 Metaspace       used 74782K, committed 75392K, reserved 1122304K
  class space    used 9440K, committed 9728K, reserved 1048576K
}

