# JRE version: Java(TM) SE Runtime Environment (17.0.1+12) (build 17.0.1+12-LTS-39)
# Java VM: Java HotSpot(TM) 64-Bit Server VM (17.0.1+12-LTS-39, mixed mode, emulated-client, tiered, compressed oops, compressed class ptrs, g1 gc, windows-amd64)
GC Precious Log:
 CPUs: 12 total, 12 available
 Memory: 15741M
 Large Page Support: Disabled
 NUMA Support: Disabled
 Compressed Oops: Enabled (Zero based)
 Heap Region Size: 2M
 Heap Min Capacity: 8M
 Heap Initial Capacity: 246M
 Heap Max Capacity: 3936M
 Pre-touch: Disabled
 Parallel Workers: 10
 Concurrent Workers: 3
 Concurrent Refinement Workers: 10
 Periodic GC: Disabled
Heap:
 garbage-first heap   total 229376K, used 180792K [0x000000070a000000, 0x0000000800000000)
  region size 2048K, 43 young (88064K), 3 survivors (6144K)
 Metaspace       used 94842K, committed 95488K, reserved 1138688K
  class space    used 11972K, committed 12288K, reserved 1048576K
GC Heap History (20 events):
Event: 36.715 GC heap before
{Heap before GC invocations=38 (full 0):
 garbage-first heap   total 190464K, used 146746K [0x000000070a000000, 0x0000000800000000)
  region size 2048K, 35 young (71680K), 6 survivors (12288K)
 Metaspace       used 87364K, committed 88000K, reserved 1130496K
  class space    used 11011K, committed 11328K, reserved 1048576K
}
Event: 36.724 GC heap after
{Heap after GC invocations=39 (full 0):
 garbage-first heap   total 229376K, used 99830K [0x000000070a000000, 0x0000000800000000)
  region size 2048K, 5 young (10240K), 5 survivors (10240K)
 Metaspace       used 87364K, committed 88000K, reserved 1130496K
  class space    used 11011K, committed 11328K, reserved 1048576K
}
Event: 37.215 GC heap before
{Heap before GC invocations=39 (full 0):
 garbage-first heap   total 229376K, used 171510K [0x000000070a000000, 0x0000000800000000)
  region size 2048K, 41 young (83968K), 5 survivors (10240K)
 Metaspace       used 87372K, committed 88000K, reserved 1130496K
  class space    used 11013K, committed 11328K, reserved 1048576K
}
Event: 37.219 GC heap after
{Heap after GC invocations=40 (full 0):
 garbage-first heap   total 229376K, used 101801K [0x000000070a000000, 0x0000000800000000)
  region size 2048K, 3 young (6144K), 3 survivors (6144K)
 Metaspace       used 87372K, committed 88000K, reserved 1130496K
  class space    used 11013K, committed 11328K, reserved 1048576K
}
Event: 37.722 GC heap before
{Heap before GC invocations=40 (full 0):
 garbage-first heap   total 229376K, used 173481K [0x000000070a000000, 0x0000000800000000)
  region size 2048K, 39 young (79872K), 3 survivors (6144K)
 Metaspace       used 87372K, committed 88000K, reserved 1130496K
  class space    used 11013K, committed 11328K, reserved 1048576K
}
Event: 37.725 GC heap after
{Heap after GC invocations=41 (full 0):
 garbage-first heap   total 229376K, used 102000K [0x000000070a000000, 0x0000000800000000)
  region size 2048K, 3 young (6144K), 3 survivors (6144K)
 Metaspace       used 87372K, committed 88000K, reserved 1130496K
  class space    used 11013K, committed 11328K, reserved 1048576K
}
Event: 38.214 GC heap before
{Heap before GC invocations=41 (full 0):
 garbage-first heap   total 229376K, used 175728K [0x000000070a000000, 0x0000000800000000)
  region size 2048K, 40 young (81920K), 3 survivors (6144K)
 Metaspace       used 87429K, committed 88064K, reserved 1130496K
  class space    used 11022K, committed 11328K, reserved 1048576K
}
Event: 38.216 GC heap after
{Heap after GC invocations=42 (full 0):
 garbage-first heap   total 229376K, used 101836K [0x000000070a000000, 0x0000000800000000)
  region size 2048K, 3 young (6144K), 3 survivors (6144K)
 Metaspace       used 87429K, committed 88064K, reserved 1130496K
  class space    used 11022K, committed 11328K, reserved 1048576K
}
Event: 38.738 GC heap before
{Heap before GC invocations=42 (full 0):
 garbage-first heap   total 229376K, used 177612K [0x000000070a000000, 0x0000000800000000)
  region size 2048K, 41 young (83968K), 3 survivors (6144K)
 Metaspace       used 87429K, committed 88064K, reserved 1130496K
  class space    used 11022K, committed 11328K, reserved 1048576K
}
Event: 38.741 GC heap after
{Heap after GC invocations=43 (full 0):
 garbage-first heap   total 229376K, used 102454K [0x000000070a000000, 0x0000000800000000)
  region size 2048K, 3 young (6144K), 3 survivors (6144K)
 Metaspace       used 87429K, committed 88064K, reserved 1130496K
  class space    used 11022K, committed 11328K, reserved 1048576K
}
Event: 39.320 GC heap before
{Heap before GC invocations=43 (full 0):
 garbage-first heap   total 229376K, used 180278K [0x000000070a000000, 0x0000000800000000)
  region size 2048K, 42 young (86016K), 3 survivors (6144K)
 Metaspace       used 87441K, committed 88064K, reserved 1130496K
  class space    used 11025K, committed 11328K, reserved 1048576K
}
Event: 39.324 GC heap after
{Heap after GC invocations=44 (full 0):
 garbage-first heap   total 229376K, used 103606K [0x000000070a000000, 0x0000000800000000)
  region size 2048K, 4 young (8192K), 4 survivors (8192K)
 Metaspace       used 87441K, committed 88064K, reserved 1130496K
  class space    used 11025K, committed 11328K, reserved 1048576K
}
Event: 39.859 GC heap before
{Heap before GC invocations=44 (full 0):
 garbage-first heap   total 229376K, used 179382K [0x000000070a000000, 0x0000000800000000)
  region size 2048K, 42 young (86016K), 4 survivors (8192K)
 Metaspace       used 87445K, committed 88064K, reserved 1130496K
  class space    used 11026K, committed 11328K, reserved 1048576K
}
Event: 39.863 GC heap after
{Heap after GC invocations=45 (full 0):
 garbage-first heap   total 229376K, used 104063K [0x000000070a000000, 0x0000000800000000)
  region size 2048K, 4 young (8192K), 4 survivors (8192K)
 Metaspace       used 87445K, committed 88064K, reserved 1130496K
  class space    used 11026K, committed 11328K, reserved 1048576K
}
Event: 40.318 GC heap before
{Heap before GC invocations=45 (full 0):
 garbage-first heap   total 229376K, used 181887K [0x000000070a000000, 0x0000000800000000)
  region size 2048K, 43 young (88064K), 4 survivors (8192K)
 Metaspace       used 88045K, committed 88640K, reserved 1130496K
  class space    used 11092K, committed 11392K, reserved 1048576K
}
Event: 40.321 GC heap after
{Heap after GC invocations=46 (full 0):
 garbage-first heap   total 229376K, used 99026K [0x000000070a000000, 0x0000000800000000)
  region size 2048K, 1 young (2048K), 1 survivors (2048K)
 Metaspace       used 88045K, committed 88640K, reserved 1130496K
  class space    used 11092K, committed 11392K, reserved 1048576K
}
Event: 40.983 GC heap before
{Heap before GC invocations=46 (full 0):
 garbage-first heap   total 229376K, used 187090K [0x000000070a000000, 0x0000000800000000)
  region size 2048K, 44 young (90112K), 1 survivors (2048K)
 Metaspace       used 89906K, committed 90496K, reserved 1130496K
  class space    used 11387K, committed 11648K, reserved 1048576K
}
Event: 40.988 GC heap after
{Heap after GC invocations=47 (full 0):
 garbage-first heap   total 229376K, used 101003K [0x000000070a000000, 0x0000000800000000)
  region size 2048K, 2 young (4096K), 2 survivors (4096K)
 Metaspace       used 89906K, committed 90496K, reserved 1130496K
  class space    used 11387K, committed 11648K, reserved 1048576K
}
Event: 41.597 GC heap before
{Heap before GC invocations=47 (full 0):
 garbage-first heap   total 229376K, used 187019K [0x000000070a000000, 0x0000000800000000)
  region size 2048K, 44 young (90112K), 2 survivors (4096K)
 Metaspace       used 92254K, committed 92928K, reserved 1130496K
  class space    used 11698K, committed 12032K, reserved 1048576K
}
Event: 41.602 GC heap after
{Heap after GC invocations=48 (full 0):
 garbage-first heap   total 229376K, used 102968K [0x000000070a000000, 0x0000000800000000)
  region size 2048K, 3 young (6144K), 3 survivors (6144K)
 Metaspace       used 92254K, committed 92928K, reserved 1130496K
  class space    used 11698K, committed 12032K, reserved 1048576K
}

