# JRE version: Java(TM) SE Runtime Environment (17.0.1+12) (build 17.0.1+12-LTS-39)
# Java VM: Java HotSpot(TM) 64-Bit Server VM (17.0.1+12-LTS-39, mixed mode, emulated-client, tiered, compressed oops, compressed class ptrs, g1 gc, windows-amd64)
GC Precious Log:
 CPUs: 12 total, 12 available
 Memory: 15741M
 Large Page Support: Disabled
 NUMA Support: Disabled
 Compressed Oops: Enabled (Zero based)
 Heap Region Size: 2M
 Heap Min Capacity: 8M
 Heap Initial Capacity: 246M
 Heap Max Capacity: 3936M
 Pre-touch: Disabled
 Parallel Workers: 10
 Concurrent Workers: 3
 Concurrent Refinement Workers: 10
 Periodic GC: Disabled
Heap:
 garbage-first heap   total 352256K, used 161935K [0x000000070a000000, 0x0000000800000000)
  region size 2048K, 1 young (2048K), 1 survivors (2048K)
 Metaspace       used 88365K, committed 88896K, reserved 1130496K
  class space    used 11124K, committed 11392K, reserved 1048576K
GC Heap History (20 events):
Event: 15.452 GC heap after
{Heap after GC invocations=36 (full 0):
 garbage-first heap   total 233472K, used 76915K [0x000000070a000000, 0x0000000800000000)
  region size 2048K, 4 young (8192K), 4 survivors (8192K)
 Metaspace       used 88040K, committed 88640K, reserved 1130496K
  class space    used 11083K, committed 11392K, reserved 1048576K
}
Event: 15.874 GC heap before
{Heap before GC invocations=36 (full 0):
 garbage-first heap   total 233472K, used 195699K [0x000000070a000000, 0x0000000800000000)
  region size 2048K, 61 young (124928K), 4 survivors (8192K)
 Metaspace       used 88285K, committed 88832K, reserved 1130496K
  class space    used 11111K, committed 11392K, reserved 1048576K
}
Event: 15.889 GC heap after
{Heap after GC invocations=37 (full 0):
 garbage-first heap   total 233472K, used 102150K [0x000000070a000000, 0x0000000800000000)
  region size 2048K, 8 young (16384K), 8 survivors (16384K)
 Metaspace       used 88285K, committed 88832K, reserved 1130496K
  class space    used 11111K, committed 11392K, reserved 1048576K
}
Event: 16.235 GC heap before
{Heap before GC invocations=37 (full 0):
 garbage-first heap   total 233472K, used 182022K [0x000000070a000000, 0x0000000800000000)
  region size 2048K, 46 young (94208K), 8 survivors (16384K)
 Metaspace       used 88300K, committed 88832K, reserved 1130496K
  class space    used 11113K, committed 11392K, reserved 1048576K
}
Event: 16.248 GC heap after
{Heap after GC invocations=38 (full 0):
 garbage-first heap   total 233472K, used 114972K [0x000000070a000000, 0x0000000800000000)
  region size 2048K, 6 young (12288K), 6 survivors (12288K)
 Metaspace       used 88300K, committed 88832K, reserved 1130496K
  class space    used 11113K, committed 11392K, reserved 1048576K
}
Event: 16.633 GC heap before
{Heap before GC invocations=38 (full 0):
 garbage-first heap   total 233472K, used 164124K [0x000000070a000000, 0x0000000800000000)
  region size 2048K, 31 young (63488K), 6 survivors (12288K)
 Metaspace       used 88300K, committed 88832K, reserved 1130496K
  class space    used 11113K, committed 11392K, reserved 1048576K
}
Event: 16.635 GC heap after
{Heap after GC invocations=39 (full 0):
 garbage-first heap   total 233472K, used 109231K [0x000000070a000000, 0x0000000800000000)
  region size 2048K, 2 young (4096K), 2 survivors (4096K)
 Metaspace       used 88300K, committed 88832K, reserved 1130496K
  class space    used 11113K, committed 11392K, reserved 1048576K
}
Event: 16.896 GC heap before
{Heap before GC invocations=40 (full 0):
 garbage-first heap   total 235520K, used 170671K [0x000000070a000000, 0x0000000800000000)
  region size 2048K, 37 young (75776K), 2 survivors (4096K)
 Metaspace       used 88300K, committed 88832K, reserved 1130496K
  class space    used 11113K, committed 11392K, reserved 1048576K
}
Event: 16.903 GC heap after
{Heap after GC invocations=41 (full 0):
 garbage-first heap   total 235520K, used 111030K [0x000000070a000000, 0x0000000800000000)
  region size 2048K, 5 young (10240K), 5 survivors (10240K)
 Metaspace       used 88300K, committed 88832K, reserved 1130496K
  class space    used 11113K, committed 11392K, reserved 1048576K
}
Event: 16.906 GC heap before
{Heap before GC invocations=41 (full 0):
 garbage-first heap   total 235520K, used 113078K [0x000000070a000000, 0x0000000800000000)
  region size 2048K, 6 young (12288K), 5 survivors (10240K)
 Metaspace       used 88300K, committed 88832K, reserved 1130496K
  class space    used 11113K, committed 11392K, reserved 1048576K
}
Event: 16.911 GC heap after
{Heap after GC invocations=42 (full 0):
 garbage-first heap   total 303104K, used 107732K [0x000000070a000000, 0x0000000800000000)
  region size 2048K, 1 young (2048K), 1 survivors (2048K)
 Metaspace       used 88300K, committed 88832K, reserved 1130496K
  class space    used 11113K, committed 11392K, reserved 1048576K
}
Event: 17.435 GC heap before
{Heap before GC invocations=42 (full 0):
 garbage-first heap   total 303104K, used 224468K [0x000000070a000000, 0x0000000800000000)
  region size 2048K, 57 young (116736K), 1 survivors (2048K)
 Metaspace       used 88309K, committed 88896K, reserved 1130496K
  class space    used 11115K, committed 11392K, reserved 1048576K
}
Event: 17.447 GC heap after
{Heap after GC invocations=43 (full 0):
 garbage-first heap   total 303104K, used 134285K [0x000000070a000000, 0x0000000800000000)
  region size 2048K, 8 young (16384K), 8 survivors (16384K)
 Metaspace       used 88309K, committed 88896K, reserved 1130496K
  class space    used 11115K, committed 11392K, reserved 1048576K
}
Event: 17.856 GC heap before
{Heap before GC invocations=43 (full 0):
 garbage-first heap   total 303104K, used 230541K [0x000000070a000000, 0x0000000800000000)
  region size 2048K, 54 young (110592K), 8 survivors (16384K)
 Metaspace       used 88309K, committed 88896K, reserved 1130496K
  class space    used 11115K, committed 11392K, reserved 1048576K
}
Event: 17.871 GC heap after
{Heap after GC invocations=44 (full 0):
 garbage-first heap   total 303104K, used 157596K [0x000000070a000000, 0x0000000800000000)
  region size 2048K, 7 young (14336K), 7 survivors (14336K)
 Metaspace       used 88309K, committed 88896K, reserved 1130496K
  class space    used 11115K, committed 11392K, reserved 1048576K
}
Event: 18.245 GC heap before
{Heap before GC invocations=44 (full 0):
 garbage-first heap   total 303104K, used 212892K [0x000000070a000000, 0x0000000800000000)
  region size 2048K, 35 young (71680K), 7 survivors (14336K)
 Metaspace       used 88365K, committed 88896K, reserved 1130496K
  class space    used 11124K, committed 11392K, reserved 1048576K
}
Event: 18.256 GC heap after
{Heap after GC invocations=45 (full 0):
 garbage-first heap   total 303104K, used 172565K [0x000000070a000000, 0x0000000800000000)
  region size 2048K, 6 young (12288K), 6 survivors (12288K)
 Metaspace       used 88365K, committed 88896K, reserved 1130496K
  class space    used 11124K, committed 11392K, reserved 1048576K
}
Event: 18.511 GC heap before
{Heap before GC invocations=46 (full 0):
 garbage-first heap   total 352256K, used 234005K [0x000000070a000000, 0x0000000800000000)
  region size 2048K, 37 young (75776K), 6 survivors (12288K)
 Metaspace       used 88365K, committed 88896K, reserved 1130496K
  class space    used 11124K, committed 11392K, reserved 1048576K
}
Event: 18.521 GC heap after
{Heap after GC invocations=47 (full 0):
 garbage-first heap   total 352256K, used 181548K [0x000000070a000000, 0x0000000800000000)
  region size 2048K, 5 young (10240K), 5 survivors (10240K)
 Metaspace       used 88365K, committed 88896K, reserved 1130496K
  class space    used 11124K, committed 11392K, reserved 1048576K
}
Event: 18.526 GC heap before
{Heap before GC invocations=47 (full 0):
 garbage-first heap   total 352256K, used 187692K [0x000000070a000000, 0x0000000800000000)
  region size 2048K, 8 young (16384K), 5 survivors (10240K)
 Metaspace       used 88365K, committed 88896K, reserved 1130496K
  class space    used 11124K, committed 11392K, reserved 1048576K
}

