# JRE version: Java(TM) SE Runtime Environment (17.0.1+12) (build 17.0.1+12-LTS-39)
# Java VM: Java HotSpot(TM) 64-Bit Server VM (17.0.1+12-LTS-39, mixed mode, emulated-client, tiered, compressed oops, compressed class ptrs, g1 gc, windows-amd64)
GC Precious Log:
 CPUs: 12 total, 12 available
 Memory: 15741M
 Large Page Support: Disabled
 NUMA Support: Disabled
 Compressed Oops: Enabled (Zero based)
 Heap Region Size: 2M
 Heap Min Capacity: 8M
 Heap Initial Capacity: 246M
 Heap Max Capacity: 3936M
 Pre-touch: Disabled
 Parallel Workers: 10
 Concurrent Workers: 3
 Concurrent Refinement Workers: 10
 Periodic GC: Disabled
Heap:
 garbage-first heap   total 413696K, used 163155K [0x000000070a000000, 0x0000000800000000)
  region size 2048K, 7 young (14336K), 7 survivors (14336K)
 Metaspace       used 87917K, committed 88512K, reserved 1130496K
  class space    used 11096K, committed 11392K, reserved 1048576K
GC Heap History (20 events):
Event: 18.664 GC heap after
{Heap after GC invocations=37 (full 0):
 garbage-first heap   total 249856K, used 101844K [0x000000070a000000, 0x0000000800000000)
  region size 2048K, 6 young (12288K), 6 survivors (12288K)
 Metaspace       used 87839K, committed 88384K, reserved 1130496K
  class space    used 11082K, committed 11328K, reserved 1048576K
}
Event: 19.046 GC heap before
{Heap before GC invocations=37 (full 0):
 garbage-first heap   total 249856K, used 191956K [0x000000070a000000, 0x0000000800000000)
  region size 2048K, 49 young (100352K), 6 survivors (12288K)
 Metaspace       used 87839K, committed 88384K, reserved 1130496K
  class space    used 11082K, committed 11328K, reserved 1048576K
}
Event: 19.060 GC heap after
{Heap after GC invocations=38 (full 0):
 garbage-first heap   total 249856K, used 122346K [0x000000070a000000, 0x0000000800000000)
  region size 2048K, 7 young (14336K), 7 survivors (14336K)
 Metaspace       used 87839K, committed 88384K, reserved 1130496K
  class space    used 11082K, committed 11328K, reserved 1048576K
}
Event: 19.425 GC heap before
{Heap before GC invocations=38 (full 0):
 garbage-first heap   total 249856K, used 165354K [0x000000070a000000, 0x0000000800000000)
  region size 2048K, 30 young (61440K), 7 survivors (14336K)
 Metaspace       used 87847K, committed 88384K, reserved 1130496K
  class space    used 11083K, committed 11328K, reserved 1048576K
}
Event: 19.436 GC heap after
{Heap after GC invocations=39 (full 0):
 garbage-first heap   total 249856K, used 135613K [0x000000070a000000, 0x0000000800000000)
  region size 2048K, 6 young (12288K), 6 survivors (12288K)
 Metaspace       used 87847K, committed 88384K, reserved 1130496K
  class space    used 11083K, committed 11328K, reserved 1048576K
}
Event: 19.571 GC heap before
{Heap before GC invocations=39 (full 0):
 garbage-first heap   total 315392K, used 192957K [0x000000070a000000, 0x0000000800000000)
  region size 2048K, 33 young (67584K), 6 survivors (12288K)
 Metaspace       used 87847K, committed 88384K, reserved 1130496K
  class space    used 11083K, committed 11328K, reserved 1048576K
}
Event: 19.581 GC heap after
{Heap after GC invocations=40 (full 0):
 garbage-first heap   total 315392K, used 146676K [0x000000070a000000, 0x0000000800000000)
  region size 2048K, 5 young (10240K), 5 survivors (10240K)
 Metaspace       used 87847K, committed 88384K, reserved 1130496K
  class space    used 11083K, committed 11328K, reserved 1048576K
}
Event: 20.013 GC heap before
{Heap before GC invocations=41 (full 0):
 garbage-first heap   total 315392K, used 238836K [0x000000070a000000, 0x0000000800000000)
  region size 2048K, 48 young (98304K), 5 survivors (10240K)
 Metaspace       used 87847K, committed 88384K, reserved 1130496K
  class space    used 11083K, committed 11328K, reserved 1048576K
}
Event: 20.028 GC heap after
{Heap after GC invocations=42 (full 0):
 garbage-first heap   total 413696K, used 170125K [0x000000070a000000, 0x0000000800000000)
  region size 2048K, 6 young (12288K), 6 survivors (12288K)
 Metaspace       used 87847K, committed 88384K, reserved 1130496K
  class space    used 11083K, committed 11328K, reserved 1048576K
}
Event: 20.046 GC heap before
{Heap before GC invocations=42 (full 0):
 garbage-first heap   total 413696K, used 178317K [0x000000070a000000, 0x0000000800000000)
  region size 2048K, 10 young (20480K), 6 survivors (12288K)
 Metaspace       used 87847K, committed 88384K, reserved 1130496K
  class space    used 11083K, committed 11328K, reserved 1048576K
}
Event: 20.054 GC heap after
{Heap after GC invocations=43 (full 0):
 garbage-first heap   total 413696K, used 171434K [0x000000070a000000, 0x0000000800000000)
  region size 2048K, 2 young (4096K), 2 survivors (4096K)
 Metaspace       used 87847K, committed 88384K, reserved 1130496K
  class space    used 11083K, committed 11328K, reserved 1048576K
}
Event: 20.620 GC heap before
{Heap before GC invocations=43 (full 0):
 garbage-first heap   total 413696K, used 298410K [0x000000070a000000, 0x0000000800000000)
  region size 2048K, 63 young (129024K), 2 survivors (4096K)
 Metaspace       used 87904K, committed 88512K, reserved 1130496K
  class space    used 11092K, committed 11392K, reserved 1048576K
}
Event: 20.636 GC heap after
{Heap after GC invocations=44 (full 0):
 garbage-first heap   total 413696K, used 200704K [0x000000070a000000, 0x0000000800000000)
  region size 2048K, 8 young (16384K), 8 survivors (16384K)
 Metaspace       used 87904K, committed 88512K, reserved 1130496K
  class space    used 11092K, committed 11392K, reserved 1048576K
}
Event: 21.161 GC heap before
{Heap before GC invocations=44 (full 0):
 garbage-first heap   total 413696K, used 264192K [0x000000070a000000, 0x0000000800000000)
  region size 2048K, 41 young (83968K), 8 survivors (16384K)
 Metaspace       used 87904K, committed 88512K, reserved 1130496K
  class space    used 11092K, committed 11392K, reserved 1048576K
}
Event: 21.178 GC heap after
{Heap after GC invocations=45 (full 0):
 garbage-first heap   total 413696K, used 218769K [0x000000070a000000, 0x0000000800000000)
  region size 2048K, 8 young (16384K), 8 survivors (16384K)
 Metaspace       used 87904K, committed 88512K, reserved 1130496K
  class space    used 11092K, committed 11392K, reserved 1048576K
}
Event: 21.877 GC heap before
{Heap before GC invocations=46 (full 0):
 garbage-first heap   total 413696K, used 282257K [0x000000070a000000, 0x0000000800000000)
  region size 2048K, 53 young (108544K), 8 survivors (16384K)
 Metaspace       used 87917K, committed 88512K, reserved 1130496K
  class space    used 11096K, committed 11392K, reserved 1048576K
}
Event: 21.882 GC heap after
{Heap after GC invocations=47 (full 0):
 garbage-first heap   total 413696K, used 188871K [0x000000070a000000, 0x0000000800000000)
  region size 2048K, 2 young (4096K), 2 survivors (4096K)
 Metaspace       used 87917K, committed 88512K, reserved 1130496K
  class space    used 11096K, committed 11392K, reserved 1048576K
}
Event: 21.929 GC heap before
{Heap before GC invocations=47 (full 0):
 garbage-first heap   total 413696K, used 209351K [0x000000070a000000, 0x0000000800000000)
  region size 2048K, 10 young (20480K), 2 survivors (4096K)
 Metaspace       used 87917K, committed 88512K, reserved 1130496K
  class space    used 11096K, committed 11392K, reserved 1048576K
}
Event: 21.936 GC heap after
{Heap after GC invocations=48 (full 0):
 garbage-first heap   total 413696K, used 157251K [0x000000070a000000, 0x0000000800000000)
  region size 2048K, 2 young (4096K), 2 survivors (4096K)
 Metaspace       used 87917K, committed 88512K, reserved 1130496K
  class space    used 11096K, committed 11392K, reserved 1048576K
}
Event: 22.621 GC heap before
{Heap before GC invocations=48 (full 0):
 garbage-first heap   total 413696K, used 300611K [0x000000070a000000, 0x0000000800000000)
  region size 2048K, 71 young (145408K), 2 survivors (4096K)
 Metaspace       used 87917K, committed 88512K, reserved 1130496K
  class space    used 11096K, committed 11392K, reserved 1048576K
}

