# JRE version: Java(TM) SE Runtime Environment (17.0.1+12) (build 17.0.1+12-LTS-39)
# Java VM: Java HotSpot(TM) 64-Bit Server VM (17.0.1+12-LTS-39, mixed mode, emulated-client, tiered, compressed oops, compressed class ptrs, g1 gc, windows-amd64)
GC Precious Log:
 CPUs: 12 total, 12 available
 Memory: 15741M
 Large Page Support: Disabled
 NUMA Support: Disabled
 Compressed Oops: Enabled (Zero based)
 Heap Region Size: 2M
 Heap Min Capacity: 8M
 Heap Initial Capacity: 246M
 Heap Max Capacity: 3936M
 Pre-touch: Disabled
 Parallel Workers: 10
 Concurrent Workers: 3
 Concurrent Refinement Workers: 10
 Periodic GC: Disabled
Heap:
 garbage-first heap   total 350208K, used 162946K [0x000000070a000000, 0x0000000800000000)
  region size 2048K, 9 young (18432K), 2 survivors (4096K)
 Metaspace       used 89159K, committed 89728K, reserved 1130496K
  class space    used 11211K, committed 11520K, reserved 1048576K
GC Heap History (20 events):
Event: 18.542 GC heap before
{Heap before GC invocations=37 (full 0):
 garbage-first heap   total 241664K, used 206588K [0x000000070a000000, 0x0000000800000000)
  region size 2048K, 69 young (141312K), 6 survivors (12288K)
 Metaspace       used 88229K, committed 88832K, reserved 1130496K
  class space    used 11087K, committed 11392K, reserved 1048576K
}
Event: 18.552 GC heap after
{Heap after GC invocations=38 (full 0):
 garbage-first heap   total 241664K, used 87123K [0x000000070a000000, 0x0000000800000000)
  region size 2048K, 9 young (18432K), 9 survivors (18432K)
 Metaspace       used 88229K, committed 88832K, reserved 1130496K
  class space    used 11087K, committed 11392K, reserved 1048576K
}
Event: 18.989 GC heap before
{Heap before GC invocations=38 (full 0):
 garbage-first heap   total 241664K, used 199763K [0x000000070a000000, 0x0000000800000000)
  region size 2048K, 63 young (129024K), 9 survivors (18432K)
 Metaspace       used 88315K, committed 88896K, reserved 1130496K
  class space    used 11100K, committed 11392K, reserved 1048576K
}
Event: 18.997 GC heap after
{Heap after GC invocations=39 (full 0):
 garbage-first heap   total 290816K, used 92529K [0x000000070a000000, 0x0000000800000000)
  region size 2048K, 6 young (12288K), 6 survivors (12288K)
 Metaspace       used 88315K, committed 88896K, reserved 1130496K
  class space    used 11100K, committed 11392K, reserved 1048576K
}
Event: 19.510 GC heap before
{Heap before GC invocations=39 (full 0):
 garbage-first heap   total 290816K, used 235889K [0x000000070a000000, 0x0000000800000000)
  region size 2048K, 75 young (153600K), 6 survivors (12288K)
 Metaspace       used 88315K, committed 88896K, reserved 1130496K
  class space    used 11100K, committed 11392K, reserved 1048576K
}
Event: 19.516 GC heap after
{Heap after GC invocations=40 (full 0):
 garbage-first heap   total 290816K, used 96409K [0x000000070a000000, 0x0000000800000000)
  region size 2048K, 8 young (16384K), 8 survivors (16384K)
 Metaspace       used 88315K, committed 88896K, reserved 1130496K
  class space    used 11100K, committed 11392K, reserved 1048576K
}
Event: 20.028 GC heap before
{Heap before GC invocations=40 (full 0):
 garbage-first heap   total 290816K, used 231577K [0x000000070a000000, 0x0000000800000000)
  region size 2048K, 73 young (149504K), 8 survivors (16384K)
 Metaspace       used 88323K, committed 88896K, reserved 1130496K
  class space    used 11102K, committed 11392K, reserved 1048576K
}
Event: 20.036 GC heap after
{Heap after GC invocations=41 (full 0):
 garbage-first heap   total 290816K, used 102753K [0x000000070a000000, 0x0000000800000000)
  region size 2048K, 10 young (20480K), 10 survivors (20480K)
 Metaspace       used 88323K, committed 88896K, reserved 1130496K
  class space    used 11102K, committed 11392K, reserved 1048576K
}
Event: 20.471 GC heap before
{Heap before GC invocations=41 (full 0):
 garbage-first heap   total 290816K, used 223585K [0x000000070a000000, 0x0000000800000000)
  region size 2048K, 68 young (139264K), 10 survivors (20480K)
 Metaspace       used 88323K, committed 88896K, reserved 1130496K
  class space    used 11102K, committed 11392K, reserved 1048576K
}
Event: 20.483 GC heap after
{Heap after GC invocations=42 (full 0):
 garbage-first heap   total 290816K, used 112361K [0x000000070a000000, 0x0000000800000000)
  region size 2048K, 9 young (18432K), 9 survivors (18432K)
 Metaspace       used 88323K, committed 88896K, reserved 1130496K
  class space    used 11102K, committed 11392K, reserved 1048576K
}
Event: 20.903 GC heap before
{Heap before GC invocations=42 (full 0):
 garbage-first heap   total 290816K, used 214761K [0x000000070a000000, 0x0000000800000000)
  region size 2048K, 58 young (118784K), 9 survivors (18432K)
 Metaspace       used 88380K, committed 88960K, reserved 1130496K
  class space    used 11111K, committed 11392K, reserved 1048576K
}
Event: 20.917 GC heap after
{Heap after GC invocations=43 (full 0):
 garbage-first heap   total 290816K, used 133642K [0x000000070a000000, 0x0000000800000000)
  region size 2048K, 8 young (16384K), 8 survivors (16384K)
 Metaspace       used 88380K, committed 88960K, reserved 1130496K
  class space    used 11111K, committed 11392K, reserved 1048576K
}
Event: 21.244 GC heap before
{Heap before GC invocations=43 (full 0):
 garbage-first heap   total 290816K, used 217610K [0x000000070a000000, 0x0000000800000000)
  region size 2048K, 47 young (96256K), 8 survivors (16384K)
 Metaspace       used 88380K, committed 88960K, reserved 1130496K
  class space    used 11111K, committed 11392K, reserved 1048576K
}
Event: 21.256 GC heap after
{Heap after GC invocations=44 (full 0):
 garbage-first heap   total 350208K, used 149504K [0x000000070a000000, 0x0000000800000000)
  region size 2048K, 6 young (12288K), 6 survivors (12288K)
 Metaspace       used 88380K, committed 88960K, reserved 1130496K
  class space    used 11111K, committed 11392K, reserved 1048576K
}
Event: 21.696 GC heap before
{Heap before GC invocations=44 (full 0):
 garbage-first heap   total 350208K, used 260096K [0x000000070a000000, 0x0000000800000000)
  region size 2048K, 59 young (120832K), 6 survivors (12288K)
 Metaspace       used 88392K, committed 88960K, reserved 1130496K
  class space    used 11113K, committed 11392K, reserved 1048576K
}
Event: 21.703 GC heap after
{Heap after GC invocations=45 (full 0):
 garbage-first heap   total 350208K, used 160281K [0x000000070a000000, 0x0000000800000000)
  region size 2048K, 8 young (16384K), 8 survivors (16384K)
 Metaspace       used 88392K, committed 88960K, reserved 1130496K
  class space    used 11113K, committed 11392K, reserved 1048576K
}
Event: 22.163 GC heap before
{Heap before GC invocations=45 (full 0):
 garbage-first heap   total 350208K, used 264729K [0x000000070a000000, 0x0000000800000000)
  region size 2048K, 59 young (120832K), 8 survivors (16384K)
 Metaspace       used 88392K, committed 88960K, reserved 1130496K
  class space    used 11113K, committed 11392K, reserved 1048576K
}
Event: 22.169 GC heap after
{Heap after GC invocations=46 (full 0):
 garbage-first heap   total 350208K, used 160102K [0x000000070a000000, 0x0000000800000000)
  region size 2048K, 7 young (14336K), 7 survivors (14336K)
 Metaspace       used 88392K, committed 88960K, reserved 1130496K
  class space    used 11113K, committed 11392K, reserved 1048576K
}
Event: 22.640 GC heap before
{Heap before GC invocations=46 (full 0):
 garbage-first heap   total 350208K, used 262502K [0x000000070a000000, 0x0000000800000000)
  region size 2048K, 58 young (118784K), 7 survivors (14336K)
 Metaspace       used 89028K, committed 89600K, reserved 1130496K
  class space    used 11187K, committed 11456K, reserved 1048576K
}
Event: 22.643 GC heap after
{Heap after GC invocations=47 (full 0):
 garbage-first heap   total 350208K, used 150658K [0x000000070a000000, 0x0000000800000000)
  region size 2048K, 2 young (4096K), 2 survivors (4096K)
 Metaspace       used 89028K, committed 89600K, reserved 1130496K
  class space    used 11187K, committed 11456K, reserved 1048576K
}

