# JRE version: Java(TM) SE Runtime Environment (17.0.1+12) (build 17.0.1+12-LTS-39)
# Java VM: Java HotSpot(TM) 64-Bit Server VM (17.0.1+12-LTS-39, mixed mode, emulated-client, tiered, compressed oops, compressed class ptrs, g1 gc, windows-amd64)
GC Precious Log:
 CPUs: 12 total, 12 available
 Memory: 15741M
 Large Page Support: Disabled
 NUMA Support: Disabled
 Compressed Oops: Enabled (Zero based)
 Heap Region Size: 2M
 Heap Min Capacity: 8M
 Heap Initial Capacity: 246M
 Heap Max Capacity: 3936M
 Pre-touch: Disabled
 Parallel Workers: 10
 Concurrent Workers: 3
 Concurrent Refinement Workers: 10
 Periodic GC: Disabled
Heap:
 garbage-first heap   total 251904K, used 104720K [0x000000070a000000, 0x0000000800000000)
  region size 2048K, 4 young (8192K), 4 survivors (8192K)
 Metaspace       used 86076K, committed 86720K, reserved 1130496K
  class space    used 10876K, committed 11200K, reserved 1048576K
GC Heap History (20 events):
Event: 72.996 GC heap after
{Heap after GC invocations=35 (full 0):
 garbage-first heap   total 157696K, used 59949K [0x000000070a000000, 0x0000000800000000)
  region size 2048K, 3 young (6144K), 3 survivors (6144K)
 Metaspace       used 83838K, committed 84480K, reserved 1130496K
  class space    used 10583K, committed 10880K, reserved 1048576K
}
Event: 73.490 GC heap before
{Heap before GC invocations=35 (full 0):
 garbage-first heap   total 157696K, used 129581K [0x000000070a000000, 0x0000000800000000)
  region size 2048K, 37 young (75776K), 3 survivors (6144K)
 Metaspace       used 85203K, committed 85824K, reserved 1130496K
  class space    used 10774K, committed 11072K, reserved 1048576K
}
Event: 73.495 GC heap after
{Heap after GC invocations=36 (full 0):
 garbage-first heap   total 157696K, used 61705K [0x000000070a000000, 0x0000000800000000)
  region size 2048K, 3 young (6144K), 3 survivors (6144K)
 Metaspace       used 85203K, committed 85824K, reserved 1130496K
  class space    used 10774K, committed 11072K, reserved 1048576K
}
Event: 74.042 GC heap before
{Heap before GC invocations=36 (full 0):
 garbage-first heap   total 157696K, used 127241K [0x000000070a000000, 0x0000000800000000)
  region size 2048K, 36 young (73728K), 3 survivors (6144K)
 Metaspace       used 85937K, committed 86528K, reserved 1130496K
  class space    used 10854K, committed 11200K, reserved 1048576K
}
Event: 74.052 GC heap after
{Heap after GC invocations=37 (full 0):
 garbage-first heap   total 157696K, used 75818K [0x000000070a000000, 0x0000000800000000)
  region size 2048K, 5 young (10240K), 5 survivors (10240K)
 Metaspace       used 85937K, committed 86528K, reserved 1130496K
  class space    used 10854K, committed 11200K, reserved 1048576K
}
Event: 74.409 GC heap before
{Heap before GC invocations=37 (full 0):
 garbage-first heap   total 157696K, used 120874K [0x000000070a000000, 0x0000000800000000)
  region size 2048K, 27 young (55296K), 5 survivors (10240K)
 Metaspace       used 86010K, committed 86656K, reserved 1130496K
  class space    used 10865K, committed 11200K, reserved 1048576K
}
Event: 74.418 GC heap after
{Heap after GC invocations=38 (full 0):
 garbage-first heap   total 190464K, used 84793K [0x000000070a000000, 0x0000000800000000)
  region size 2048K, 4 young (8192K), 4 survivors (8192K)
 Metaspace       used 86010K, committed 86656K, reserved 1130496K
  class space    used 10865K, committed 11200K, reserved 1048576K
}
Event: 74.795 GC heap before
{Heap before GC invocations=38 (full 0):
 garbage-first heap   total 190464K, used 138041K [0x000000070a000000, 0x0000000800000000)
  region size 2048K, 31 young (63488K), 4 survivors (8192K)
 Metaspace       used 86010K, committed 86656K, reserved 1130496K
  class space    used 10865K, committed 11200K, reserved 1048576K
}
Event: 74.798 GC heap after
{Heap after GC invocations=39 (full 0):
 garbage-first heap   total 190464K, used 83810K [0x000000070a000000, 0x0000000800000000)
  region size 2048K, 2 young (4096K), 2 survivors (4096K)
 Metaspace       used 86010K, committed 86656K, reserved 1130496K
  class space    used 10865K, committed 11200K, reserved 1048576K
}
Event: 74.991 GC heap before
{Heap before GC invocations=39 (full 0):
 garbage-first heap   total 190464K, used 141154K [0x000000070a000000, 0x0000000800000000)
  region size 2048K, 31 young (63488K), 2 survivors (4096K)
 Metaspace       used 86010K, committed 86656K, reserved 1130496K
  class space    used 10865K, committed 11200K, reserved 1048576K
}
Event: 74.998 GC heap after
{Heap after GC invocations=40 (full 0):
 garbage-first heap   total 190464K, used 97134K [0x000000070a000000, 0x0000000800000000)
  region size 2048K, 4 young (8192K), 4 survivors (8192K)
 Metaspace       used 86010K, committed 86656K, reserved 1130496K
  class space    used 10865K, committed 11200K, reserved 1048576K
}
Event: 75.306 GC heap before
{Heap before GC invocations=40 (full 0):
 garbage-first heap   total 190464K, used 140142K [0x000000070a000000, 0x0000000800000000)
  region size 2048K, 26 young (53248K), 4 survivors (8192K)
 Metaspace       used 86019K, committed 86720K, reserved 1130496K
  class space    used 10867K, committed 11200K, reserved 1048576K
}
Event: 75.311 GC heap after
{Heap after GC invocations=41 (full 0):
 garbage-first heap   total 190464K, used 104651K [0x000000070a000000, 0x0000000800000000)
  region size 2048K, 4 young (8192K), 4 survivors (8192K)
 Metaspace       used 86019K, committed 86720K, reserved 1130496K
  class space    used 10867K, committed 11200K, reserved 1048576K
}
Event: 75.680 GC heap before
{Heap before GC invocations=42 (full 0):
 garbage-first heap   total 190464K, used 137419K [0x000000070a000000, 0x0000000800000000)
  region size 2048K, 23 young (47104K), 4 survivors (8192K)
 Metaspace       used 86019K, committed 86720K, reserved 1130496K
  class space    used 10867K, committed 11200K, reserved 1048576K
}
Event: 75.682 GC heap after
{Heap after GC invocations=43 (full 0):
 garbage-first heap   total 190464K, used 96602K [0x000000070a000000, 0x0000000800000000)
  region size 2048K, 2 young (4096K), 2 survivors (4096K)
 Metaspace       used 86019K, committed 86720K, reserved 1130496K
  class space    used 10867K, committed 11200K, reserved 1048576K
}
Event: 75.688 GC heap before
{Heap before GC invocations=43 (full 0):
 garbage-first heap   total 190464K, used 100698K [0x000000070a000000, 0x0000000800000000)
  region size 2048K, 4 young (8192K), 2 survivors (4096K)
 Metaspace       used 86019K, committed 86720K, reserved 1130496K
  class space    used 10867K, committed 11200K, reserved 1048576K
}
Event: 75.691 GC heap after
{Heap after GC invocations=44 (full 0):
 garbage-first heap   total 190464K, used 80752K [0x000000070a000000, 0x0000000800000000)
  region size 2048K, 1 young (2048K), 1 survivors (2048K)
 Metaspace       used 86019K, committed 86720K, reserved 1130496K
  class space    used 10867K, committed 11200K, reserved 1048576K
}
Event: 75.972 GC heap before
{Heap before GC invocations=44 (full 0):
 garbage-first heap   total 190464K, used 140144K [0x000000070a000000, 0x0000000800000000)
  region size 2048K, 31 young (63488K), 1 survivors (2048K)
 Metaspace       used 86076K, committed 86720K, reserved 1130496K
  class space    used 10876K, committed 11200K, reserved 1048576K
}
Event: 75.979 GC heap after
{Heap after GC invocations=45 (full 0):
 garbage-first heap   total 190464K, used 95086K [0x000000070a000000, 0x0000000800000000)
  region size 2048K, 4 young (8192K), 4 survivors (8192K)
 Metaspace       used 86076K, committed 86720K, reserved 1130496K
  class space    used 10876K, committed 11200K, reserved 1048576K
}
Event: 76.242 GC heap before
{Heap before GC invocations=45 (full 0):
 garbage-first heap   total 190464K, used 140141K [0x000000070a000000, 0x0000000800000000)
  region size 2048K, 27 young (55296K), 4 survivors (8192K)
 Metaspace       used 86076K, committed 86720K, reserved 1130496K
  class space    used 10876K, committed 11200K, reserved 1048576K
}

