# JRE version: Java(TM) SE Runtime Environment (17.0.1+12) (build 17.0.1+12-LTS-39)
# Java VM: Java HotSpot(TM) 64-Bit Server VM (17.0.1+12-LTS-39, mixed mode, emulated-client, tiered, compressed oops, compressed class ptrs, g1 gc, windows-amd64)
GC Precious Log:
 CPUs: 12 total, 12 available
 Memory: 15741M
 Large Page Support: Disabled
 NUMA Support: Disabled
 Compressed Oops: Enabled (Zero based)
 Heap Region Size: 2M
 Heap Min Capacity: 8M
 Heap Initial Capacity: 246M
 Heap Max Capacity: 3936M
 Pre-touch: Disabled
 Parallel Workers: 10
 Concurrent Workers: 3
 Concurrent Refinement Workers: 10
 Periodic GC: Disabled
Heap:
 garbage-first heap   total 182272K, used 64680K [0x000000070a000000, 0x0000000800000000)
  region size 2048K, 3 young (6144K), 3 survivors (6144K)
 Metaspace       used 80747K, committed 81216K, reserved 1122304K
  class space    used 10269K, committed 10496K, reserved 1048576K
GC Heap History (20 events):
Event: 11.021 GC heap after
{Heap after GC invocations=21 (full 0):
 garbage-first heap   total 147456K, used 42795K [0x000000070a000000, 0x0000000800000000)
  region size 2048K, 2 young (4096K), 2 survivors (4096K)
 Metaspace       used 63733K, committed 64128K, reserved 1105920K
  class space    used 8254K, committed 8448K, reserved 1048576K
}
Event: 11.531 GC heap before
{Heap before GC invocations=21 (full 0):
 garbage-first heap   total 147456K, used 120619K [0x000000070a000000, 0x0000000800000000)
  region size 2048K, 40 young (81920K), 2 survivors (4096K)
 Metaspace       used 66616K, committed 67072K, reserved 1114112K
  class space    used 8637K, committed 8832K, reserved 1048576K
}
Event: 11.538 GC heap after
{Heap after GC invocations=22 (full 0):
 garbage-first heap   total 147456K, used 44110K [0x000000070a000000, 0x0000000800000000)
  region size 2048K, 3 young (6144K), 3 survivors (6144K)
 Metaspace       used 66616K, committed 67072K, reserved 1114112K
  class space    used 8637K, committed 8832K, reserved 1048576K
}
Event: 11.795 GC heap before
{Heap before GC invocations=22 (full 0):
 garbage-first heap   total 147456K, used 121934K [0x000000070a000000, 0x0000000800000000)
  region size 2048K, 41 young (83968K), 3 survivors (6144K)
 Metaspace       used 66692K, committed 67136K, reserved 1114112K
  class space    used 8647K, committed 8832K, reserved 1048576K
}
Event: 11.800 GC heap after
{Heap after GC invocations=23 (full 0):
 garbage-first heap   total 147456K, used 44843K [0x000000070a000000, 0x0000000800000000)
  region size 2048K, 3 young (6144K), 3 survivors (6144K)
 Metaspace       used 66692K, committed 67136K, reserved 1114112K
  class space    used 8647K, committed 8832K, reserved 1048576K
}
Event: 11.986 GC heap before
{Heap before GC invocations=23 (full 0):
 garbage-first heap   total 147456K, used 122667K [0x000000070a000000, 0x0000000800000000)
  region size 2048K, 41 young (83968K), 3 survivors (6144K)
 Metaspace       used 66736K, committed 67200K, reserved 1114112K
  class space    used 8655K, committed 8896K, reserved 1048576K
}
Event: 11.995 GC heap after
{Heap after GC invocations=24 (full 0):
 garbage-first heap   total 147456K, used 45943K [0x000000070a000000, 0x0000000800000000)
  region size 2048K, 4 young (8192K), 4 survivors (8192K)
 Metaspace       used 66736K, committed 67200K, reserved 1114112K
  class space    used 8655K, committed 8896K, reserved 1048576K
}
Event: 12.181 GC heap before
{Heap before GC invocations=24 (full 0):
 garbage-first heap   total 147456K, used 121719K [0x000000070a000000, 0x0000000800000000)
  region size 2048K, 41 young (83968K), 4 survivors (8192K)
 Metaspace       used 66842K, committed 67328K, reserved 1114112K
  class space    used 8669K, committed 8896K, reserved 1048576K
}
Event: 12.189 GC heap after
{Heap after GC invocations=25 (full 0):
 garbage-first heap   total 182272K, used 47610K [0x000000070a000000, 0x0000000800000000)
  region size 2048K, 4 young (8192K), 4 survivors (8192K)
 Metaspace       used 66842K, committed 67328K, reserved 1114112K
  class space    used 8669K, committed 8896K, reserved 1048576K
}
Event: 12.478 GC heap before
{Heap before GC invocations=25 (full 0):
 garbage-first heap   total 182272K, used 147962K [0x000000070a000000, 0x0000000800000000)
  region size 2048K, 53 young (108544K), 4 survivors (8192K)
 Metaspace       used 67036K, committed 67456K, reserved 1114112K
  class space    used 8695K, committed 8896K, reserved 1048576K
}
Event: 12.483 GC heap after
{Heap after GC invocations=26 (full 0):
 garbage-first heap   total 182272K, used 48352K [0x000000070a000000, 0x0000000800000000)
  region size 2048K, 4 young (8192K), 4 survivors (8192K)
 Metaspace       used 67036K, committed 67456K, reserved 1114112K
  class space    used 8695K, committed 8896K, reserved 1048576K
}
Event: 13.237 GC heap before
{Heap before GC invocations=26 (full 0):
 garbage-first heap   total 182272K, used 148704K [0x000000070a000000, 0x0000000800000000)
  region size 2048K, 53 young (108544K), 4 survivors (8192K)
 Metaspace       used 69852K, committed 70400K, reserved 1114112K
  class space    used 8949K, committed 9216K, reserved 1048576K
}
Event: 13.246 GC heap after
{Heap after GC invocations=27 (full 0):
 garbage-first heap   total 182272K, used 50522K [0x000000070a000000, 0x0000000800000000)
  region size 2048K, 5 young (10240K), 5 survivors (10240K)
 Metaspace       used 69852K, committed 70400K, reserved 1114112K
  class space    used 8949K, committed 9216K, reserved 1048576K
}
Event: 14.388 GC heap before
{Heap before GC invocations=27 (full 0):
 garbage-first heap   total 182272K, used 146778K [0x000000070a000000, 0x0000000800000000)
  region size 2048K, 53 young (108544K), 5 survivors (10240K)
 Metaspace       used 75979K, committed 76480K, reserved 1122304K
  class space    used 9738K, committed 9984K, reserved 1048576K
}
Event: 14.394 GC heap after
{Heap after GC invocations=28 (full 0):
 garbage-first heap   total 182272K, used 56017K [0x000000070a000000, 0x0000000800000000)
  region size 2048K, 7 young (14336K), 7 survivors (14336K)
 Metaspace       used 75979K, committed 76480K, reserved 1122304K
  class space    used 9738K, committed 9984K, reserved 1048576K
}
Event: 16.173 GC heap before
{Heap before GC invocations=28 (full 0):
 garbage-first heap   total 182272K, used 146129K [0x000000070a000000, 0x0000000800000000)
  region size 2048K, 51 young (104448K), 7 survivors (14336K)
 Metaspace       used 78506K, committed 78976K, reserved 1122304K
  class space    used 10083K, committed 10304K, reserved 1048576K
}
Event: 16.179 GC heap after
{Heap after GC invocations=29 (full 0):
 garbage-first heap   total 182272K, used 60286K [0x000000070a000000, 0x0000000800000000)
  region size 2048K, 5 young (10240K), 5 survivors (10240K)
 Metaspace       used 78506K, committed 78976K, reserved 1122304K
  class space    used 10083K, committed 10304K, reserved 1048576K
}
Event: 16.668 GC heap before
{Heap before GC invocations=29 (full 0):
 garbage-first heap   total 182272K, used 150398K [0x000000070a000000, 0x0000000800000000)
  region size 2048K, 49 young (100352K), 5 survivors (10240K)
 Metaspace       used 79869K, committed 80320K, reserved 1122304K
  class space    used 10215K, committed 10432K, reserved 1048576K
}
Event: 16.674 GC heap after
{Heap after GC invocations=30 (full 0):
 garbage-first heap   total 182272K, used 63188K [0x000000070a000000, 0x0000000800000000)
  region size 2048K, 4 young (8192K), 4 survivors (8192K)
 Metaspace       used 79869K, committed 80320K, reserved 1122304K
  class space    used 10215K, committed 10432K, reserved 1048576K
}
Event: 17.105 GC heap before
{Heap before GC invocations=30 (full 0):
 garbage-first heap   total 182272K, used 151252K [0x000000070a000000, 0x0000000800000000)
  region size 2048K, 47 young (96256K), 4 survivors (8192K)
 Metaspace       used 80747K, committed 81216K, reserved 1122304K
  class space    used 10269K, committed 10496K, reserved 1048576K
}

