# JRE version: Java(TM) SE Runtime Environment (17.0.1+12) (build 17.0.1+12-LTS-39)
# Java VM: Java HotSpot(TM) 64-Bit Server VM (17.0.1+12-LTS-39, mixed mode, emulated-client, tiered, compressed oops, compressed class ptrs, g1 gc, windows-amd64)
GC Precious Log:
 CPUs: 12 total, 12 available
 Memory: 15741M
 Large Page Support: Disabled
 NUMA Support: Disabled
 Compressed Oops: Enabled (Zero based)
 Heap Region Size: 2M
 Heap Min Capacity: 8M
 Heap Initial Capacity: 246M
 Heap Max Capacity: 3936M
 Pre-touch: Disabled
 Parallel Workers: 10
 Concurrent Workers: 3
 Concurrent Refinement Workers: 10
 Periodic GC: Disabled
Heap:
 garbage-first heap   total 286720K, used 148304K [0x000000070a000000, 0x0000000800000000)
  region size 2048K, 6 young (12288K), 6 survivors (12288K)
 Metaspace       used 87852K, committed 88448K, reserved 1130496K
  class space    used 11082K, committed 11392K, reserved 1048576K
GC Heap History (20 events):
Event: 15.503 GC heap after
{Heap after GC invocations=34 (full 0):
 garbage-first heap   total 215040K, used 71029K [0x000000070a000000, 0x0000000800000000)
  region size 2048K, 6 young (12288K), 6 survivors (12288K)
 Metaspace       used 85716K, committed 86272K, reserved 1130496K
  class space    used 10805K, committed 11072K, reserved 1048576K
}
Event: 15.974 GC heap before
{Heap before GC invocations=34 (full 0):
 garbage-first heap   total 215040K, used 177525K [0x000000070a000000, 0x0000000800000000)
  region size 2048K, 58 young (118784K), 6 survivors (12288K)
 Metaspace       used 86825K, committed 87424K, reserved 1130496K
  class space    used 10960K, committed 11264K, reserved 1048576K
}
Event: 15.982 GC heap after
{Heap after GC invocations=35 (full 0):
 garbage-first heap   total 215040K, used 73692K [0x000000070a000000, 0x0000000800000000)
  region size 2048K, 6 young (12288K), 6 survivors (12288K)
 Metaspace       used 86825K, committed 87424K, reserved 1130496K
  class space    used 10960K, committed 11264K, reserved 1048576K
}
Event: 16.499 GC heap before
{Heap before GC invocations=35 (full 0):
 garbage-first heap   total 215040K, used 180188K [0x000000070a000000, 0x0000000800000000)
  region size 2048K, 57 young (116736K), 6 survivors (12288K)
 Metaspace       used 87770K, committed 88320K, reserved 1130496K
  class space    used 11070K, committed 11328K, reserved 1048576K
}
Event: 16.511 GC heap after
{Heap after GC invocations=36 (full 0):
 garbage-first heap   total 215040K, used 90858K [0x000000070a000000, 0x0000000800000000)
  region size 2048K, 8 young (16384K), 8 survivors (16384K)
 Metaspace       used 87770K, committed 88320K, reserved 1130496K
  class space    used 11070K, committed 11328K, reserved 1048576K
}
Event: 16.833 GC heap before
{Heap before GC invocations=36 (full 0):
 garbage-first heap   total 215040K, used 168682K [0x000000070a000000, 0x0000000800000000)
  region size 2048K, 45 young (92160K), 8 survivors (16384K)
 Metaspace       used 87844K, committed 88448K, reserved 1130496K
  class space    used 11081K, committed 11392K, reserved 1048576K
}
Event: 16.847 GC heap after
{Heap after GC invocations=37 (full 0):
 garbage-first heap   total 215040K, used 109582K [0x000000070a000000, 0x0000000800000000)
  region size 2048K, 6 young (12288K), 6 survivors (12288K)
 Metaspace       used 87844K, committed 88448K, reserved 1130496K
  class space    used 11081K, committed 11392K, reserved 1048576K
}
Event: 17.037 GC heap before
{Heap before GC invocations=37 (full 0):
 garbage-first heap   total 215040K, used 168974K [0x000000070a000000, 0x0000000800000000)
  region size 2048K, 35 young (71680K), 6 survivors (12288K)
 Metaspace       used 87844K, committed 88448K, reserved 1130496K
  class space    used 11081K, committed 11392K, reserved 1048576K
}
Event: 17.049 GC heap after
{Heap after GC invocations=38 (full 0):
 garbage-first heap   total 258048K, used 127852K [0x000000070a000000, 0x0000000800000000)
  region size 2048K, 5 young (10240K), 5 survivors (10240K)
 Metaspace       used 87844K, committed 88448K, reserved 1130496K
  class space    used 11081K, committed 11392K, reserved 1048576K
}
Event: 17.362 GC heap before
{Heap before GC invocations=39 (full 0):
 garbage-first heap   total 258048K, used 195436K [0x000000070a000000, 0x0000000800000000)
  region size 2048K, 37 young (75776K), 5 survivors (10240K)
 Metaspace       used 87844K, committed 88448K, reserved 1130496K
  class space    used 11081K, committed 11392K, reserved 1048576K
}
Event: 17.370 GC heap after
{Heap after GC invocations=40 (full 0):
 garbage-first heap   total 258048K, used 142908K [0x000000070a000000, 0x0000000800000000)
  region size 2048K, 5 young (10240K), 5 survivors (10240K)
 Metaspace       used 87844K, committed 88448K, reserved 1130496K
  class space    used 11081K, committed 11392K, reserved 1048576K
}
Event: 17.374 GC heap before
{Heap before GC invocations=40 (full 0):
 garbage-first heap   total 258048K, used 144956K [0x000000070a000000, 0x0000000800000000)
  region size 2048K, 6 young (12288K), 5 survivors (10240K)
 Metaspace       used 87844K, committed 88448K, reserved 1130496K
  class space    used 11081K, committed 11392K, reserved 1048576K
}
Event: 17.378 GC heap after
{Heap after GC invocations=41 (full 0):
 garbage-first heap   total 258048K, used 145447K [0x000000070a000000, 0x0000000800000000)
  region size 2048K, 1 young (2048K), 1 survivors (2048K)
 Metaspace       used 87844K, committed 88448K, reserved 1130496K
  class space    used 11081K, committed 11392K, reserved 1048576K
}
Event: 17.719 GC heap before
{Heap before GC invocations=41 (full 0):
 garbage-first heap   total 258048K, used 186407K [0x000000070a000000, 0x0000000800000000)
  region size 2048K, 23 young (47104K), 1 survivors (2048K)
 Metaspace       used 87852K, committed 88448K, reserved 1130496K
  class space    used 11082K, committed 11392K, reserved 1048576K
}
Event: 17.733 GC heap after
{Heap after GC invocations=42 (full 0):
 garbage-first heap   total 258048K, used 157445K [0x000000070a000000, 0x0000000800000000)
  region size 2048K, 4 young (8192K), 4 survivors (8192K)
 Metaspace       used 87852K, committed 88448K, reserved 1130496K
  class space    used 11082K, committed 11392K, reserved 1048576K
}
Event: 17.916 GC heap before
{Heap before GC invocations=43 (full 0):
 garbage-first heap   total 286720K, used 184069K [0x000000070a000000, 0x0000000800000000)
  region size 2048K, 25 young (51200K), 4 survivors (8192K)
 Metaspace       used 87852K, committed 88448K, reserved 1130496K
  class space    used 11082K, committed 11392K, reserved 1048576K
}
Event: 17.929 GC heap after
{Heap after GC invocations=44 (full 0):
 garbage-first heap   total 286720K, used 148262K [0x000000070a000000, 0x0000000800000000)
  region size 2048K, 4 young (8192K), 4 survivors (8192K)
 Metaspace       used 87852K, committed 88448K, reserved 1130496K
  class space    used 11082K, committed 11392K, reserved 1048576K
}
Event: 17.945 GC heap before
{Heap before GC invocations=44 (full 0):
 garbage-first heap   total 286720K, used 154406K [0x000000070a000000, 0x0000000800000000)
  region size 2048K, 7 young (14336K), 4 survivors (8192K)
 Metaspace       used 87852K, committed 88448K, reserved 1130496K
  class space    used 11082K, committed 11392K, reserved 1048576K
}
Event: 17.951 GC heap after
{Heap after GC invocations=45 (full 0):
 garbage-first heap   total 286720K, used 123786K [0x000000070a000000, 0x0000000800000000)
  region size 2048K, 1 young (2048K), 1 survivors (2048K)
 Metaspace       used 87852K, committed 88448K, reserved 1130496K
  class space    used 11082K, committed 11392K, reserved 1048576K
}
Event: 18.667 GC heap before
{Heap before GC invocations=45 (full 0):
 garbage-first heap   total 286720K, used 207754K [0x000000070a000000, 0x0000000800000000)
  region size 2048K, 41 young (83968K), 1 survivors (2048K)
 Metaspace       used 87852K, committed 88448K, reserved 1130496K
  class space    used 11082K, committed 11392K, reserved 1048576K
}

